Log started at 03/21/2024 23:08:29 (2024-03-21T23:08:29Z)
No config file at C:\Users\alasd\OneDrive\Documents\Unreal Engine\UnrealBuildTool\BuildConfiguration.xml
Configuration will be read from:
  C:\Users\alasd\AppData\Roaming\Unreal Engine\UnrealBuildTool\BuildConfiguration.xml
Log file: E:\UE5Projects\Voxel\VoxelProject\Saved\Logs\UnrealVersionSelector-2024.03.21-23.08.28.log

Setting temp directory to 'C:\Users\alasd\AppData\Local\Temp\UnrealBuildTool\23386bc9'
    Registering build platform: UnrealBuildTool.AndroidPlatformFactory
        Registering build platform: Android - buildable: False
    Registering build platform: UnrealBuildTool.IOSPlatformFactory
        Registering build platform: IOS - buildable: False
    Registering build platform: UnrealBuildTool.LinuxPlatformFactory
        Registering build platform: Linux - buildable: False
        Registering build platform: LinuxArm64 - buildable: False
    Registering build platform: UnrealBuildTool.MacPlatformFactory
    Registering build platform: UnrealBuildTool.TVOSPlatformFactory
    Registering build platform: UnrealBuildTool.WindowsPlatformFactory
Found Windows 10 SDK root at C:\Program Files (x86)\Windows Kits\10 (1)
Found Windows 10 SDK root at C:\Program Files (x86)\Windows Kits\10 (2)
Found Windows 10 SDK version 10.0.18362.0 at C:\Program Files (x86)\Windows Kits\10
Found Universal CRT version 10.0.18362.0 at C:\Program Files (x86)\Windows Kits\10
Found Windows 10 SDK version 10.0.20348.0 at C:\Program Files (x86)\Windows Kits\10
Found Universal CRT version 10.0.20348.0 at C:\Program Files (x86)\Windows Kits\10
Found Windows 10 SDK version 10.0.22000.0 at C:\Program Files (x86)\Windows Kits\10
Found Universal CRT version 10.0.22000.0 at C:\Program Files (x86)\Windows Kits\10
Found Windows 10 SDK version 10.0.22621.0 at C:\Program Files (x86)\Windows Kits\10
Found Universal CRT version 10.0.22621.0 at C:\Program Files (x86)\Windows Kits\10
Win64 Installed SDK(s): MinVersion_Sdk=10.0.00000.0, MaxVersion_Sdk=10.9.99999.0, CurrentVersion_Sdk=10.0.18362.0, Version_AutoSdk=10.0.18362.0, CurrentVersion_AutoSdk=
        Registering build platform: Win64 - buildable: True
Log file: C:\Users\alasd\AppData\Local\UnrealBuildTool\Log_GPF.txt
Deleting old log file: C:\Users\alasd\AppData\Local\UnrealBuildTool\Log_GPF-backup-2024.02.25-21.19.41.txt
Resolved project argument E:/UE5Projects/Voxel/VoxelProject/VoxelProject.uproject to E:\UE5Projects\Voxel\VoxelProject\VoxelProject.uproject
Registering project generator UnrealBuildTool.AndroidProjectGenerator for Android
Registering project generator UnrealBuildTool.IOSProjectGenerator for IOS
Registering project generator UnrealBuildTool.LinuxProjectGenerator for Linux
Registering project generator UnrealBuildTool.LinuxProjectGenerator for LinuxArm64
Registering project generator UnrealBuildTool.MacProjectGenerator for Mac
Skipping project file generator registration for Mac due to no valid BuildPlatform.
Registering project generator UnrealBuildTool.TVOSProjectGenerator for TVOS
Skipping project file generator registration for TVOS due to no valid BuildPlatform.
Registering project generator UnrealBuildTool.WindowsProjectGenerator for Win64

---   SDK INFO START   ---

Some Platforms were skipped due to invalid SDK setup: IOS, Android, Linux, LinuxArm64.
See the log file for detailed information

---   SDK INFO END   ---


Generating VisualStudio project files:
Discovering modules, targets and source code for project...
Found Visual Studio installation: C:\Program Files\Microsoft Visual Studio\2022\Community (Product=Microsoft.VisualStudio.Product.Community, Version=17.9.34622.214)
Found Visual Studio toolchain: C:\Program Files\Microsoft Visual Studio\2022\Community\VC\Tools\MSVC\14.36.32532 (Family=14.36.32532, FamilyRank=0, Version=14.36.32545, Is64Bit=True, ReleaseChannel=Latest, Architecture=x64, Error=False, Redist=C:\Program Files\Microsoft Visual Studio\2022\Community\VC\Redist\MSVC\14.36.32532)
Found Visual Studio toolchain: C:\Program Files\Microsoft Visual Studio\2022\Community\VC\Tools\MSVC\14.39.33519 (Family=14.39.33519, FamilyRank=4, Version=14.39.33521, Is64Bit=True, ReleaseChannel=Latest, Architecture=x64, Error=False, Redist=C:\Program Files\Microsoft Visual Studio\2022\Community\VC\Redist\MSVC\14.38.33135)
Detected supported platforms: Win64, IOS, Android, Linux, LinuxArm64
Skipping E:\ue5\UE_5.3\Engine\Intermediate\Build\BuildRules\UE5Rules.dll: File is installed
Skipping E:\ue5\UE_5.3\Engine\Intermediate\Build\BuildRules\UE5ProgramRules.dll: File is installed
Compiled assembly file 'E:\UE5Projects\Voxel\VoxelProject\Intermediate\Build\BuildRules\VoxelProjectModuleRules.dll' appears to be for a newer CLR version or is otherwise invalid.  Unreal Build Tool will try to recompile this assembly now.  (Exception: Could not load file or assembly 'E:\UE5Projects\Voxel\VoxelProject\Intermediate\Build\BuildRules\VoxelProjectModuleRules.dll'. Format of the executable (.exe) or library (.dll) is invalid.)
Adding event matcher: CompileEventMatcher
Adding event matcher: LinkEventMatcher
Adding event matcher: MicrosoftEventMatcher
Adding event matcher: XoreaxEventMatcher
E:\UE5Projects\Voxel\VoxelProject\Source\VoxelProject\VoxelProject.Build.cs(16,9): error CS0103: The name 'CMakeTarget' does not exist in the current context
Expecting to find a type to be declared in a target rules named 'VoxelProjectTarget'.  This type must derive from the 'TargetRules' type defined by Unreal Build Tool.
BuildException: Expecting to find a type to be declared in a target rules named 'VoxelProjectTarget'.  This type must derive from the 'TargetRules' type defined by Unreal Build Tool.
   at UnrealBuildTool.RulesAssembly.CreateTargetRules(String TargetName, UnrealTargetPlatform Platform, UnrealTargetConfiguration Configuration, UnrealArchitectures Architectures, FileReference ProjectFile, CommandLineArguments Arguments, ILogger Logger, Boolean IsTestTarget, Boolean bSkipValidation, UnrealIntermediateEnvironment IntermediateEnvironment) in E:\ue5\UE_5.3\Engine\Source\Programs\UnrealBuildTool\System\RulesAssembly.cs:line 780
   at UnrealBuildTool.ProjectFileGenerator.AddProjectsForAllTargets(PlatformProjectGeneratorCollection PlatformProjectGenerators, List`1 AllGames, List`1 AllTargetFiles, String[] Arguments, List`1 EngineProjects, List`1 GameProjects, Dictionary`2 ProjectFileToUProjectFile, Dictionary`2 ProgramProjects, Dictionary`2 RulesAssemblies, ILogger Logger) in E:\ue5\UE_5.3\Engine\Source\Programs\UnrealBuildTool\ProjectFiles\ProjectFileGenerator.cs:line 2719
   at UnrealBuildTool.ProjectFileGenerator.GenerateProjectFiles(PlatformProjectGeneratorCollection PlatformProjectGenerators, String[] Arguments, Boolean bCacheDataForEditor, ILogger Logger) in E:\ue5\UE_5.3\Engine\Source\Programs\UnrealBuildTool\ProjectFiles\ProjectFileGenerator.cs:line 1023
   at UnrealBuildTool.GenerateProjectFilesMode.ExecuteAsync(CommandLineArguments Arguments, ILogger Logger) in E:\ue5\UE_5.3\Engine\Source\Programs\UnrealBuildTool\Modes\GenerateProjectFilesMode.cs:line 65
   at UnrealBuildTool.UnrealBuildTool.Main(String[] ArgumentsArray) in E:\ue5\UE_5.3\Engine\Source\Programs\UnrealBuildTool\UnrealBuildTool.cs:line 659
WriteFileIfChanged() wrote 0 changed files of 2 requested writes.
Timeline:

[ 0.000]
[ 0.000](+2.327) <unknown>
[ 2.327]
